<?xml version="1.0" encoding="UTF-8"?>
<!-- Generated by org.testng.reporters.JUnitXMLReporter -->
<testsuite hostname="DESKTOP-K2S6MKB" ignored="0" name="Test1" tests="1" failures="1" timestamp="14 Jan 2020 16:28:00 GMT" time="25.97" errors="0">
  <testcase name="basePagenavigation" time="0.063" classname="mavenUdemy.ValidateTitle">
    <failure type="java.lang.AssertionError" message="expected [FEATURED  COURSES] but found [FEATURED COURSES]">
      <![CDATA[java.lang.AssertionError: expected [FEATURED  COURSES] but found [FEATURED COURSES]
at mavenUdemy.ValidateTitle.basePagenavigation(ValidateTitle.java:35)
... Removed 31 stack frames]]>
    </failure>
  </testcase> <!-- basePagenavigation -->
</testsuite> <!-- Test1 -->
