<?xml version="1.0" encoding="UTF-8"?>
<testng-results skipped="0" failed="0" ignored="0" total="3" passed="3">
  <reporter-output>
  </reporter-output>
  <suite name="Suite" duration-ms="86443" started-at="2020-01-13T19:08:44Z" finished-at="2020-01-13T19:10:10Z">
    <groups>
    </groups>
    <test name="Test1" duration-ms="27031" started-at="2020-01-13T19:08:44Z" finished-at="2020-01-13T19:09:11Z">
      <class name="mavenUdemy.ValidateTitle">
        <test-method status="PASS" signature="initialize()[pri:0, instance:mavenUdemy.ValidateTitle@3551a94]" name="initialize" is-config="true" duration-ms="15357" started-at="2020-01-13T19:08:44Z" finished-at="2020-01-13T19:08:59Z">
          <reporter-output>
          </reporter-output>
        </test-method> <!-- initialize -->
        <test-method status="PASS" signature="basePagenavigation()[pri:0, instance:mavenUdemy.ValidateTitle@3551a94]" name="basePagenavigation" duration-ms="11526" started-at="2020-01-13T19:08:59Z" finished-at="2020-01-13T19:09:11Z">
          <reporter-output>
          </reporter-output>
        </test-method> <!-- basePagenavigation -->
        <test-method status="PASS" signature="tearDown()[pri:0, instance:mavenUdemy.ValidateTitle@3551a94]" name="tearDown" is-config="true" duration-ms="109" started-at="2020-01-13T19:09:11Z" finished-at="2020-01-13T19:09:11Z">
          <reporter-output>
          </reporter-output>
        </test-method> <!-- tearDown -->
      </class> <!-- mavenUdemy.ValidateTitle -->
    </test> <!-- Test1 -->
    <test name="Test2" duration-ms="28941" started-at="2020-01-13T19:09:11Z" finished-at="2020-01-13T19:09:40Z">
      <class name="mavenUdemy.ValidateNavBar">
        <test-method status="PASS" signature="initialize()[pri:0, instance:mavenUdemy.ValidateNavBar@5afa04c]" name="initialize" is-config="true" duration-ms="13749" started-at="2020-01-13T19:09:11Z" finished-at="2020-01-13T19:09:25Z">
          <reporter-output>
          </reporter-output>
        </test-method> <!-- initialize -->
        <test-method status="PASS" signature="basePagenavigation()[pri:0, instance:mavenUdemy.ValidateNavBar@5afa04c]" name="basePagenavigation" duration-ms="11068" started-at="2020-01-13T19:09:25Z" finished-at="2020-01-13T19:09:36Z">
          <reporter-output>
          </reporter-output>
        </test-method> <!-- basePagenavigation -->
        <test-method status="PASS" signature="tearDown()[pri:0, instance:mavenUdemy.ValidateNavBar@5afa04c]" name="tearDown" is-config="true" duration-ms="4122" started-at="2020-01-13T19:09:36Z" finished-at="2020-01-13T19:09:40Z">
          <reporter-output>
          </reporter-output>
        </test-method> <!-- tearDown -->
      </class> <!-- mavenUdemy.ValidateNavBar -->
    </test> <!-- Test2 -->
    <test name="Test3" duration-ms="30354" started-at="2020-01-13T19:09:40Z" finished-at="2020-01-13T19:10:10Z">
      <class name="mavenUdemy.HomePage">
        <test-method status="PASS" signature="initialize()[pri:0, instance:mavenUdemy.HomePage@3c756e4d]" name="initialize" is-config="true" duration-ms="14647" started-at="2020-01-13T19:09:40Z" finished-at="2020-01-13T19:09:55Z">
          <reporter-output>
          </reporter-output>
        </test-method> <!-- initialize -->
        <test-method status="PASS" signature="basePagenavigation(java.lang.String, java.lang.String)[pri:0, instance:mavenUdemy.HomePage@3c756e4d]" name="basePagenavigation" duration-ms="15590" started-at="2020-01-13T19:09:55Z" data-provider="getData" finished-at="2020-01-13T19:10:10Z">
          <params>
            <param index="0">
              <value>
                <![CDATA[Abhishek@email.com]]>
              </value>
            </param>
            <param index="1">
              <value>
                <![CDATA[bhishek]]>
              </value>
            </param>
          </params>
          <reporter-output>
          </reporter-output>
        </test-method> <!-- basePagenavigation -->
        <test-method status="PASS" signature="tearDown()[pri:0, instance:mavenUdemy.HomePage@3c756e4d]" name="tearDown" is-config="true" duration-ms="111" started-at="2020-01-13T19:10:10Z" finished-at="2020-01-13T19:10:10Z">
          <reporter-output>
          </reporter-output>
        </test-method> <!-- tearDown -->
      </class> <!-- mavenUdemy.HomePage -->
    </test> <!-- Test3 -->
  </suite> <!-- Suite -->
</testng-results>
